\BOOKMARK [0][-]{chapter.1}{Laboratorio: Programación en Arduino.}{}% 1
\BOOKMARK [1][-]{section.1.1}{Objetivos}{chapter.1}% 2
\BOOKMARK [1][-]{section.1.2}{Equipos\040y\040materiales}{chapter.1}% 3
\BOOKMARK [1][-]{section.1.3}{Marco\040de\040referencia}{chapter.1}% 4
\BOOKMARK [2][-]{subsection.1.3.1}{Arduino}{section.1.3}% 5
\BOOKMARK [1][-]{section.1.4}{Metodología}{chapter.1}% 6
\BOOKMARK [1][-]{section.1.5}{Práctica en Clase}{chapter.1}% 7
\BOOKMARK [2][-]{subsection.1.5.1}{Actividad\0401}{section.1.5}% 8
\BOOKMARK [2][-]{subsection.1.5.2}{Actividad\0402}{section.1.5}% 9
\BOOKMARK [2][-]{subsection.1.5.3}{Actividad\0403}{section.1.5}% 10
\BOOKMARK [1][-]{section.1.6}{Código actividad 2}{chapter.1}% 11
\BOOKMARK [1][-]{section.1.7}{Código actividad 3}{chapter.1}% 12
\BOOKMARK [0][-]{chapter.2}{Laboratorio: Programación de funciones combinacionales.}{}% 13
\BOOKMARK [1][-]{section.2.1}{Objetivos}{chapter.2}% 14
\BOOKMARK [1][-]{section.2.2}{Equipos\040y\040materiales}{chapter.2}% 15
\BOOKMARK [1][-]{section.2.3}{Marco\040de\040referencia}{chapter.2}% 16
\BOOKMARK [2][-]{subsection.2.3.1}{Implementan\040de\040expresiones\040Booleanas\040}{section.2.3}% 17
\BOOKMARK [2][-]{subsection.2.3.2}{Multiplexores\040y\040Decodificadores}{section.2.3}% 18
\BOOKMARK [1][-]{section.2.4}{Metodología}{chapter.2}% 19
\BOOKMARK [1][-]{section.2.5}{Práctica en Clase}{chapter.2}% 20
\BOOKMARK [2][-]{subsection.2.5.1}{Actividad\0401}{section.2.5}% 21
\BOOKMARK [2][-]{subsection.2.5.2}{Actividad\0402}{section.2.5}% 22
\BOOKMARK [2][-]{subsection.2.5.3}{Actividad\0403}{section.2.5}% 23
\BOOKMARK [0][-]{chapter.3}{Laboratorio: Programación Flip-flops, Contadores, Drivers.}{}% 24
\BOOKMARK [1][-]{section.3.1}{Objetivos}{chapter.3}% 25
\BOOKMARK [1][-]{section.3.2}{Equipos\040y\040materiales}{chapter.3}% 26
\BOOKMARK [1][-]{section.3.3}{Marco\040de\040referencia}{chapter.3}% 27
\BOOKMARK [2][-]{subsection.3.3.1}{Implementación de Cerrojos y Biestables}{section.3.3}% 28
\BOOKMARK [2][-]{subsection.3.3.2}{Contadores\040y\040Secuenciadores}{section.3.3}% 29
\BOOKMARK [1][-]{section.3.4}{Metodología}{chapter.3}% 30
\BOOKMARK [1][-]{section.3.5}{Práctica en Clase}{chapter.3}% 31
\BOOKMARK [2][-]{subsection.3.5.1}{Actividad\0401}{section.3.5}% 32
\BOOKMARK [2][-]{subsection.3.5.2}{Actividad\0402}{section.3.5}% 33
\BOOKMARK [2][-]{subsection.3.5.3}{Actividad\0403}{section.3.5}% 34
\BOOKMARK [0][-]{chapter.4}{Laboratorio: Lógica convencional, Arranque-pare sencillo y reversible.}{}% 35
\BOOKMARK [1][-]{section.4.1}{Objetivos}{chapter.4}% 36
\BOOKMARK [1][-]{section.4.2}{Equipos\040y\040materiales}{chapter.4}% 37
\BOOKMARK [1][-]{section.4.3}{Marco\040de\040referencia}{chapter.4}% 38
\BOOKMARK [2][-]{subsection.4.3.1}{Contactor y relevador térmico}{section.4.3}% 39
\BOOKMARK [2][-]{subsection.4.3.2}{Curvas\040de\040disparo}{section.4.3}% 40
\BOOKMARK [2][-]{subsection.4.3.3}{Selección de componentes}{section.4.3}% 41
\BOOKMARK [1][-]{section.4.4}{Metodología}{chapter.4}% 42
\BOOKMARK [1][-]{section.4.5}{Práctica en Clase}{chapter.4}% 43
\BOOKMARK [2][-]{subsection.4.5.1}{Actividad\0401}{section.4.5}% 44
\BOOKMARK [2][-]{subsection.4.5.2}{Actividad\0402}{section.4.5}% 45
\BOOKMARK [2][-]{subsection.4.5.3}{Actividad\0403}{section.4.5}% 46
\BOOKMARK [0][-]{chapter.5}{Laboratorio: Arranques a tensión reducida y circuitos temporizados.}{}% 47
\BOOKMARK [1][-]{section.5.1}{Objetivos}{chapter.5}% 48
\BOOKMARK [1][-]{section.5.2}{Equipos\040y\040materiales}{chapter.5}% 49
\BOOKMARK [1][-]{section.5.3}{Marco\040de\040referencia}{chapter.5}% 50
\BOOKMARK [2][-]{subsection.5.3.1}{Temporizadores Electrónicos}{section.5.3}% 51
\BOOKMARK [2][-]{subsection.5.3.2}{Arranque a tensión reducida}{section.5.3}% 52
\BOOKMARK [1][-]{section.5.4}{Metodología}{chapter.5}% 53
\BOOKMARK [1][-]{section.5.5}{Práctica en Clase}{chapter.5}% 54
\BOOKMARK [2][-]{subsection.5.5.1}{Actividad\0401}{section.5.5}% 55
\BOOKMARK [2][-]{subsection.5.5.2}{Actividad\0402}{section.5.5}% 56
\BOOKMARK [2][-]{subsection.5.5.3}{Actividad\0403}{section.5.5}% 57
\BOOKMARK [0][-]{chapter.6}{Laboratorio: Programación de variadores de frecuencia y arrancadores suaves.}{}% 58
\BOOKMARK [1][-]{section.6.1}{Objetivos}{chapter.6}% 59
\BOOKMARK [1][-]{section.6.2}{Equipos\040y\040materiales}{chapter.6}% 60
\BOOKMARK [1][-]{section.6.3}{Marco\040de\040referencia}{chapter.6}% 61
\BOOKMARK [2][-]{subsection.6.3.1}{Variadores\040de\040Frecuencia}{section.6.3}% 62
\BOOKMARK [2][-]{subsection.6.3.2}{Partes\040del\040variador}{section.6.3}% 63
\BOOKMARK [2][-]{subsection.6.3.3}{Parámetros de programación}{section.6.3}% 64
\BOOKMARK [1][-]{section.6.4}{Metodología}{chapter.6}% 65
\BOOKMARK [1][-]{section.6.5}{Práctica en Clase}{chapter.6}% 66
\BOOKMARK [2][-]{subsection.6.5.1}{Actividad\0401}{section.6.5}% 67
\BOOKMARK [2][-]{subsection.6.5.2}{Actividad\0402}{section.6.5}% 68
\BOOKMARK [0][-]{chapter.7}{Laboratorio: Programación con LOGO!}{}% 69
\BOOKMARK [1][-]{section.7.1}{Objetivos}{chapter.7}% 70
\BOOKMARK [1][-]{section.7.2}{Equipos\040y\040materiales}{chapter.7}% 71
\BOOKMARK [1][-]{section.7.3}{Marco\040de\040referencia}{chapter.7}% 72
\BOOKMARK [1][-]{section.7.4}{Metodología}{chapter.7}% 73
\BOOKMARK [1][-]{section.7.5}{Práctica en Clase}{chapter.7}% 74
\BOOKMARK [2][-]{subsection.7.5.1}{Actividad\0401}{section.7.5}% 75
\BOOKMARK [2][-]{subsection.7.5.2}{Actividad\0402}{section.7.5}% 76
\BOOKMARK [2][-]{subsection.7.5.3}{Actividad\0403}{section.7.5}% 77
\BOOKMARK [0][-]{chapter.8}{Laboratorio: Programación de Autómatas Lógicos}{}% 78
\BOOKMARK [1][-]{section.8.1}{Objetivos}{chapter.8}% 79
\BOOKMARK [1][-]{section.8.2}{Equipos\040y\040materiales}{chapter.8}% 80
\BOOKMARK [1][-]{section.8.3}{Marco\040de\040referencia}{chapter.8}% 81
\BOOKMARK [1][-]{section.8.4}{Metodología}{chapter.8}% 82
\BOOKMARK [1][-]{section.8.5}{Práctica en Clase}{chapter.8}% 83
\BOOKMARK [2][-]{subsection.8.5.1}{Actividad\0401}{section.8.5}% 84
\BOOKMARK [2][-]{subsection.8.5.2}{Actividad\0402}{section.8.5}% 85
\BOOKMARK [2][-]{subsection.8.5.3}{Actividad\0403}{section.8.5}% 86
\BOOKMARK [0][-]{appendix.Alph1}{Informe\040de\040evidencias:\040TECDIGITAL}{}% 87
\BOOKMARK [1][-]{section.Alph1.1}{Formato\040del\040informe}{appendix.Alph1}% 88
